<?xml version="1.0" encoding="UTF-8"?>
<!-- Generated by org.testng.reporters.JUnitXMLReporter -->
<testsuite hostname="N-20S5PF2GG0F1" ignored="3" name="BankingApp Test" tests="15" failures="0" timestamp="30 Aug 2022 00:02:56 GMT" time="5.183" errors="0">
  <testcase name="testNavigateToTodosPage" time="1.259" classname="com.inetBanking.testCases.TC_TodoAddItem_001"/>
  <testcase name="addItem" time="1.318" classname="com.inetBanking.testCases.TC_TodoAddItem_001"/>
  <testcase name="addItem" time="0.159" classname="com.inetBanking.testCases.TC_TodoAddItem_001"/>
  <testcase name="addItem" time="0.158" classname="com.inetBanking.testCases.TC_TodoAddItem_001"/>
  <testcase name="addItem" time="0.145" classname="com.inetBanking.testCases.TC_TodoAddItem_001"/>
  <testcase name="addItem" time="0.188" classname="com.inetBanking.testCases.TC_TodoAddItem_001"/>
  <testcase name="addItem" time="0.201" classname="com.inetBanking.testCases.TC_TodoAddItem_001"/>
  <testcase name="addItem" time="0.195" classname="com.inetBanking.testCases.TC_TodoAddItem_001"/>
  <testcase name="addItem" time="0.161" classname="com.inetBanking.testCases.TC_TodoAddItem_001"/>
  <testcase name="addItemBeginswithSpaces" time="0.246" classname="com.inetBanking.testCases.TC_TodoAddItem_001"/>
  <testcase name="addItemBeginswithSpaces" time="0.24" classname="com.inetBanking.testCases.TC_TodoAddItem_001"/>
  <testcase name="checkFootercount" time="0.033" classname="com.inetBanking.testCases.TC_TodoAddItem_001"/>
  <testcase name="editItem" time="0.272" classname="com.inetBanking.testCases.TC_Updateitem_002"/>
  <testcase name="editItem" time="0.249" classname="com.inetBanking.testCases.TC_Updateitem_002"/>
  <testcase name="editItem" time="0.247" classname="com.inetBanking.testCases.TC_Updateitem_002"/>
  <testcase name="addItemwithNullorEmpty" time="0.0" classname="com.inetBanking.testCases.TC_TodoAddItem_001">
    <ignored/>
  </testcase> <!-- addItemwithNullorEmpty -->
  <testcase name="@BeforeSuite setup" time="0.0" classname="com.inetBanking.base.BaseClass">
    <ignored/>
  </testcase> <!-- @BeforeSuite setup -->
  <testcase name="@AfterSuite tearDown" time="0.0" classname="com.inetBanking.base.BaseClass">
    <ignored/>
  </testcase> <!-- @AfterSuite tearDown -->
</testsuite> <!-- BankingApp Test -->
