<?xml version="1.0" encoding="UTF-8"?>
<testng-results skipped="0" failed="0" ignored="3" total="18" passed="15">
  <reporter-output>
  </reporter-output>
  <suite name="InetBankingV1" duration-ms="5183" started-at="2022-08-30T00:02:51Z" finished-at="2022-08-30T00:02:56Z">
    <groups>
      <group name="regression">
        <method signature="TC_TodoAddItem_001.addItem(java.lang.String)[pri:2, instance:com.inetBanking.testCases.TC_TodoAddItem_001@4cf777e8]" name="addItem" class="com.inetBanking.testCases.TC_TodoAddItem_001"/>
        <method signature="TC_TodoAddItem_001.checkFootercount()[pri:5, instance:com.inetBanking.testCases.TC_TodoAddItem_001@4cf777e8]" name="checkFootercount" class="com.inetBanking.testCases.TC_TodoAddItem_001"/>
        <method signature="TC_Updateitem_002.editItem(java.lang.String, java.lang.String)[pri:6, instance:com.inetBanking.testCases.TC_Updateitem_002@73ad2d6]" name="editItem" class="com.inetBanking.testCases.TC_Updateitem_002"/>
        <method signature="TC_TodoAddItem_001.addItemBeginswithSpaces(java.lang.String)[pri:4, instance:com.inetBanking.testCases.TC_TodoAddItem_001@4cf777e8]" name="addItemBeginswithSpaces" class="com.inetBanking.testCases.TC_TodoAddItem_001"/>
        <method signature="TC_TodoAddItem_001.testNavigateToTodosPage()[pri:1, instance:com.inetBanking.testCases.TC_TodoAddItem_001@4cf777e8]" name="testNavigateToTodosPage" class="com.inetBanking.testCases.TC_TodoAddItem_001"/>
      </group> <!-- regression -->
    </groups>
    <test name="BankingApp Test" duration-ms="5183" started-at="2022-08-30T00:02:51Z" finished-at="2022-08-30T00:02:56Z">
      <class name="com.inetBanking.testCases.TC_Updateitem_002">
        <test-method status="PASS" signature="editItem(java.lang.String, java.lang.String)[pri:6, instance:com.inetBanking.testCases.TC_Updateitem_002@73ad2d6]" name="editItem" duration-ms="272" started-at="2022-08-30T00:02:55Z" description="Editing a TO-DO item" data-provider="ItemtobeEdited" finished-at="2022-08-30T00:02:56Z">
          <params>
            <param index="0">
              <value>
                <![CDATA[Buy Bread]]>
              </value>
            </param>
            <param index="1">
              <value>
                <![CDATA[Buy Bread at 8AM ]]>
              </value>
            </param>
          </params>
          <reporter-output>
          </reporter-output>
        </test-method> <!-- editItem -->
        <test-method status="PASS" signature="editItem(java.lang.String, java.lang.String)[pri:6, instance:com.inetBanking.testCases.TC_Updateitem_002@73ad2d6]" name="editItem" duration-ms="249" started-at="2022-08-30T00:02:56Z" description="Editing a TO-DO item" data-provider="ItemtobeEdited" finished-at="2022-08-30T00:02:56Z">
          <params>
            <param index="0">
              <value>
                <![CDATA[StandUP Meeting]]>
              </value>
            </param>
            <param index="1">
              <value>
                <![CDATA[StandUP Meeting at 10AM ]]>
              </value>
            </param>
          </params>
          <reporter-output>
          </reporter-output>
        </test-method> <!-- editItem -->
        <test-method status="PASS" signature="editItem(java.lang.String, java.lang.String)[pri:6, instance:com.inetBanking.testCases.TC_Updateitem_002@73ad2d6]" name="editItem" duration-ms="247" started-at="2022-08-30T00:02:56Z" description="Editing a TO-DO item" data-provider="ItemtobeEdited" finished-at="2022-08-30T00:02:56Z">
          <params>
            <param index="0">
              <value>
                <![CDATA[Laptop]]>
              </value>
            </param>
            <param index="1">
              <value>
                <![CDATA[Laptop Updated]]>
              </value>
            </param>
          </params>
          <reporter-output>
          </reporter-output>
        </test-method> <!-- editItem -->
      </class> <!-- com.inetBanking.testCases.TC_Updateitem_002 -->
      <class name="com.inetBanking.testCases.TC_TodoAddItem_001">
        <test-method status="PASS" signature="setup()[pri:0, instance:com.inetBanking.testCases.TC_TodoAddItem_001@4cf777e8]" name="setup" is-config="true" duration-ms="4151" started-at="2022-08-30T00:02:47Z" finished-at="2022-08-30T00:02:51Z">
          <reporter-output>
          </reporter-output>
        </test-method> <!-- setup -->
        <test-method status="PASS" signature="testNavigateToTodosPage()[pri:1, instance:com.inetBanking.testCases.TC_TodoAddItem_001@4cf777e8]" name="testNavigateToTodosPage" duration-ms="1259" started-at="2022-08-30T00:02:51Z" description="to check if the page is navigated properly" finished-at="2022-08-30T00:02:52Z">
          <reporter-output>
          </reporter-output>
        </test-method> <!-- testNavigateToTodosPage -->
        <test-method status="PASS" signature="addItem(java.lang.String)[pri:2, instance:com.inetBanking.testCases.TC_TodoAddItem_001@4cf777e8]" name="addItem" duration-ms="1318" started-at="2022-08-30T00:02:52Z" description="Adding a TO-DO item" data-provider="NewItemsList" finished-at="2022-08-30T00:02:54Z">
          <params>
            <param index="0">
              <value>
                <![CDATA[Buy Bread]]>
              </value>
            </param>
          </params>
          <reporter-output>
          </reporter-output>
        </test-method> <!-- addItem -->
        <test-method status="PASS" signature="addItem(java.lang.String)[pri:2, instance:com.inetBanking.testCases.TC_TodoAddItem_001@4cf777e8]" name="addItem" duration-ms="159" started-at="2022-08-30T00:02:54Z" description="Adding a TO-DO item" data-provider="NewItemsList" finished-at="2022-08-30T00:02:54Z">
          <params>
            <param index="0">
              <value>
                <![CDATA[StandUP Meeting]]>
              </value>
            </param>
          </params>
          <reporter-output>
          </reporter-output>
        </test-method> <!-- addItem -->
        <test-method status="PASS" signature="addItem(java.lang.String)[pri:2, instance:com.inetBanking.testCases.TC_TodoAddItem_001@4cf777e8]" name="addItem" duration-ms="158" started-at="2022-08-30T00:02:54Z" description="Adding a TO-DO item" data-provider="NewItemsList" finished-at="2022-08-30T00:02:54Z">
          <params>
            <param index="0">
              <value>
                <![CDATA[Money^%^%]]>
              </value>
            </param>
          </params>
          <reporter-output>
          </reporter-output>
        </test-method> <!-- addItem -->
        <test-method status="PASS" signature="addItem(java.lang.String)[pri:2, instance:com.inetBanking.testCases.TC_TodoAddItem_001@4cf777e8]" name="addItem" duration-ms="145" started-at="2022-08-30T00:02:54Z" description="Adding a TO-DO item" data-provider="NewItemsList" finished-at="2022-08-30T00:02:54Z">
          <params>
            <param index="0">
              <value>
                <![CDATA[123Car]]>
              </value>
            </param>
          </params>
          <reporter-output>
          </reporter-output>
        </test-method> <!-- addItem -->
        <test-method status="PASS" signature="addItem(java.lang.String)[pri:2, instance:com.inetBanking.testCases.TC_TodoAddItem_001@4cf777e8]" name="addItem" duration-ms="188" started-at="2022-08-30T00:02:54Z" description="Adding a TO-DO item" data-provider="NewItemsList" finished-at="2022-08-30T00:02:54Z">
          <params>
            <param index="0">
              <value>
                <![CDATA[Laptop]]>
              </value>
            </param>
          </params>
          <reporter-output>
          </reporter-output>
        </test-method> <!-- addItem -->
        <test-method status="PASS" signature="addItem(java.lang.String)[pri:2, instance:com.inetBanking.testCases.TC_TodoAddItem_001@4cf777e8]" name="addItem" duration-ms="201" started-at="2022-08-30T00:02:54Z" description="Adding a TO-DO item" data-provider="NewItemsList" finished-at="2022-08-30T00:02:54Z">
          <params>
            <param index="0">
              <value>
                <![CDATA[Laptop123]]>
              </value>
            </param>
          </params>
          <reporter-output>
          </reporter-output>
        </test-method> <!-- addItem -->
        <test-method status="PASS" signature="addItem(java.lang.String)[pri:2, instance:com.inetBanking.testCases.TC_TodoAddItem_001@4cf777e8]" name="addItem" duration-ms="195" started-at="2022-08-30T00:02:54Z" description="Adding a TO-DO item" data-provider="NewItemsList" finished-at="2022-08-30T00:02:55Z">
          <params>
            <param index="0">
              <value>
                <![CDATA[Fix JIRA bugs]]>
              </value>
            </param>
          </params>
          <reporter-output>
          </reporter-output>
        </test-method> <!-- addItem -->
        <test-method status="PASS" signature="addItem(java.lang.String)[pri:2, instance:com.inetBanking.testCases.TC_TodoAddItem_001@4cf777e8]" name="addItem" duration-ms="161" started-at="2022-08-30T00:02:55Z" description="Adding a TO-DO item" data-provider="NewItemsList" finished-at="2022-08-30T00:02:55Z">
          <params>
            <param index="0">
              <value>
                <![CDATA[Buy Bread]]>
              </value>
            </param>
          </params>
          <reporter-output>
          </reporter-output>
        </test-method> <!-- addItem -->
        <test-method status="PASS" signature="addItemBeginswithSpaces(java.lang.String)[pri:4, instance:com.inetBanking.testCases.TC_TodoAddItem_001@4cf777e8]" name="addItemBeginswithSpaces" duration-ms="246" started-at="2022-08-30T00:02:55Z" description="Adding a TO-DO item with leading and trailing spaces" data-provider="NewItemsBeginswithSpaces" finished-at="2022-08-30T00:02:55Z">
          <params>
            <param index="0">
              <value>
                <![CDATA[  Mobile recharge]]>
              </value>
            </param>
          </params>
          <reporter-output>
          </reporter-output>
        </test-method> <!-- addItemBeginswithSpaces -->
        <test-method status="PASS" signature="addItemBeginswithSpaces(java.lang.String)[pri:4, instance:com.inetBanking.testCases.TC_TodoAddItem_001@4cf777e8]" name="addItemBeginswithSpaces" duration-ms="240" started-at="2022-08-30T00:02:55Z" description="Adding a TO-DO item with leading and trailing spaces" data-provider="NewItemsBeginswithSpaces" finished-at="2022-08-30T00:02:55Z">
          <params>
            <param index="0">
              <value>
                <![CDATA[      Goto ATM]]>
              </value>
            </param>
          </params>
          <reporter-output>
          </reporter-output>
        </test-method> <!-- addItemBeginswithSpaces -->
        <test-method status="PASS" signature="checkFootercount()[pri:5, instance:com.inetBanking.testCases.TC_TodoAddItem_001@4cf777e8]" name="checkFootercount" duration-ms="33" started-at="2022-08-30T00:02:55Z" description="to check if the footercount is updated" depends-on-methods="com.inetBanking.testCases.TC_TodoAddItem_001.addItem" finished-at="2022-08-30T00:02:55Z">
          <reporter-output>
          </reporter-output>
        </test-method> <!-- checkFootercount -->
        <test-method status="PASS" signature="tearDown()[pri:0, instance:com.inetBanking.testCases.TC_TodoAddItem_001@4cf777e8]" name="tearDown" is-config="true" duration-ms="1" started-at="2022-08-30T00:02:56Z" finished-at="2022-08-30T00:02:56Z">
          <reporter-output>
          </reporter-output>
        </test-method> <!-- tearDown -->
      </class> <!-- com.inetBanking.testCases.TC_TodoAddItem_001 -->
    </test> <!-- BankingApp Test -->
  </suite> <!-- InetBankingV1 -->
</testng-results>
